<?xml version="1.0" encoding="UTF-8"?>
<!-- Generated by org.testng.reporters.JUnitReportReporter -->
<testsuite hostname="DESKTOP-NP0ITC1" failures="0" tests="4" name="execution.TimeOut" time="11.830" errors="0" timestamp="2022-06-23T19:25:50 IST" skipped="1">
  <testcase classname="execution.TimeOut" name="twitter" time="1.649"/>
  <system-out/>
  <testcase classname="execution.TimeOut" name="gmail" time="3.563"/>
  <system-out/>
  <testcase classname="execution.TimeOut" name="amazon" time="6.618"/>
  <system-out/>
  <testcase classname="execution.TimeOut" name="facebook">
    <skipped/>
  </testcase> <!-- facebook -->
  <system-out/>
</testsuite> <!-- execution.TimeOut -->
