<?xml version="1.0" encoding="UTF-8"?>
<!-- Generated by org.testng.reporters.JUnitReportReporter -->
<testsuite hostname="DESKTOP-NP0ITC1" failures="0" tests="1" name="execution.Sikuli_Demo2" time="23.292" errors="0" timestamp="2022-07-05T18:37:35 IST" skipped="0">
  <testcase classname="execution.Sikuli_Demo2" name="f" time="23.292"/>
  <system-out/>
</testsuite> <!-- execution.Sikuli_Demo2 -->
