<?xml version="1.0" encoding="UTF-8"?>
<!-- Generated by org.testng.reporters.JUnitReportReporter -->
<testsuite hostname="DESKTOP-NP0ITC1" failures="0" tests="5" name="execution.TestNG_priority" time="16.573" errors="0" timestamp="2022-06-22T16:13:48 IST" skipped="0">
  <testcase classname="execution.TestNG_priority" name="twitter" time="2.918"/>
  <system-out/>
  <testcase classname="execution.TestNG_priority" name="amazon" time="5.247"/>
  <system-out/>
  <testcase classname="execution.TestNG_priority" name="google" time="1.628"/>
  <system-out/>
  <testcase classname="execution.TestNG_priority" name="gmail" time="4.438"/>
  <system-out/>
  <testcase classname="execution.TestNG_priority" name="facebook" time="2.342"/>
  <system-out/>
</testsuite> <!-- execution.TestNG_priority -->
