<?xml version="1.0" encoding="UTF-8"?>
<!-- Generated by org.testng.reporters.JUnitReportReporter -->
<testsuite hostname="DESKTOP-NP0ITC1" failures="0" tests="1" name="execution.Sikuli_Demo" time="9.025" errors="0" timestamp="2022-07-05T12:30:15 IST" skipped="0">
  <testcase classname="execution.Sikuli_Demo" name="desktopAutomation" time="9.025"/>
  <system-out/>
</testsuite> <!-- execution.Sikuli_Demo -->
