<?xml version="1.0" encoding="UTF-8"?>
<!-- Generated by org.testng.reporters.JUnitReportReporter -->
<testsuite hostname="DESKTOP-NP0ITC1" failures="0" tests="4" name="execution.TestNG_Execution" time="11.426" errors="0" timestamp="2022-06-22T15:53:22 IST" skipped="0">
  <testcase classname="execution.TestNG_Execution" name="google" time="1.066"/>
  <system-out/>
  <testcase classname="execution.TestNG_Execution" name="twitter" time="1.366"/>
  <system-out/>
  <testcase classname="execution.TestNG_Execution" name="facebook" time="4.019"/>
  <system-out/>
  <testcase classname="execution.TestNG_Execution" name="amazon" time="4.975"/>
  <system-out/>
</testsuite> <!-- execution.TestNG_Execution -->
